0 info it worked if it ends with ok
1 verbose cli [ 'C:\\Program Files\\nodejs\\node.exe',
1 verbose cli   'C:\\Program Files\\nodejs\\node_modules\\npm\\bin\\npm-cli.js',
1 verbose cli   'start' ]
2 info using npm@3.10.10
3 info using node@v6.10.0
4 verbose run-script [ 'prestart', 'start', 'poststart' ]
5 info lifecycle apm@0.0.0~prestart: apm@0.0.0
6 silly lifecycle apm@0.0.0~prestart: no script for prestart, continuing
7 info lifecycle apm@0.0.0~start: apm@0.0.0
8 verbose lifecycle apm@0.0.0~start: unsafe-perm in lifecycle true
9 verbose lifecycle apm@0.0.0~start: PATH: C:\Program Files\nodejs\node_modules\npm\bin\node-gyp-bin;C:\Users\jhemys.alves\Documents\Projects\APM\node_modules\.bin;C:\app\client\hmolina\product\12.1.0\client_2;C:\app\client\hmolina\product\12.1.0\client_2\bin;C:\app\client\hmolina\product\12.1.0\client_1;C:\app\client\hmolina\product\12.1.0\client_1\bin;C:\Windows\system32;C:\Windows;C:\Windows\System32\Wbem;C:\Windows\System32\WindowsPowerShell\v1.0\;C:\Windows\SysWOW64\;C:\Windows\SysWOW64\Wbem;C:\instantclient_11_2;C:\Program Files\Borland\BDS\5.0\bin;C:\Users\Public\Documents\RAD Studio\5.0\Bpl;C:\PROGRA~1\Borland\vbroker\jre\Bin;C:\PROGRA~1\Borland\vbroker\Bin;C:\oracle\ora90\bin;C:\Program Files\Oracle\jre\1.1.8\bin;C:\PROGRA~1\Borland\Delphi5\Projects\Bpl;C:\PROGRA~1\Borland\Delphi5\Bin;C:\Program Files\Microsoft SQL Server\80\Tools\BINN;C:\Program Files\TortoiseSVN\bin;C:\Program Files\Microsoft\Web Platform Installer\;C:\Program Files (x86)\Microsoft ASP.NET\ASP.NET Web Pages\v1.0\;C:\Program Files\Microsoft SQL Server\110\Tools\Binn\;C:\Program Files (x86)\NUnit 2.6.2\bin\;C:\Windows\Microsoft.NET\Framework\v4.0.30319;C:\Windows\Microsoft.NET\Framework64\v4.0.30319;C:\selenium\selenium-server-standalone-2.37.0.jar;C:\selenium\chromedriver_win32\chromedriver.exe;C:\Program Files (x86)\Java\jre7\bin\java.exe;C:\selenium\IEDriverServer_x64_2.36.0\IEDriverServer.exe;C:\Program Files (x86)\Oracle\jre\1.1.8\bin;C:\Borland\BCC55\Bin;x:\lib\d5\bpldcp;x:\lib\d2007\bpldcp;C:\Program Files (x86)\Git\cmd;C:\windows\system32\11g;C:\Program Files\nodejs\;C:\Program Files\Microsoft SQL Server\130\Tools\Binn\;C:\Users\jhemys.alves\.dnx\bin;C:\Program Files\Microsoft DNX\Dnvm\;C:\Program Files\Microsoft SQL Server\120\Tools\Binn\;;C:\Program Files (x86)\Microsoft VS Code\bin
10 verbose lifecycle apm@0.0.0~start: CWD: C:\Users\jhemys.alves\Documents\Projects\APM
11 silly lifecycle apm@0.0.0~start: Args: [ '/d /s /c', 'ng serve -o' ]
12 verbose stack Error: kill ENOSYS
12 verbose stack     at exports._errnoException (util.js:1022:11)
12 verbose stack     at process.kill (internal/process.js:172:13)
12 verbose stack     at process.listener (C:\Program Files\nodejs\node_modules\npm\node_modules\npmlog\node_modules\gauge\node_modules\signal-exit\index.js:86:15)
12 verbose stack     at emitNone (events.js:91:20)
12 verbose stack     at process.emit (events.js:185:7)
12 verbose stack     at processEmit (C:\Program Files\nodejs\node_modules\npm\node_modules\npmlog\node_modules\gauge\node_modules\signal-exit\index.js:146:32)
12 verbose stack     at processEmit (C:\Program Files\nodejs\node_modules\npm\node_modules\npm-registry-client\node_modules\npmlog\node_modules\gauge\node_modules\signal-exit\index.js:146:32)
12 verbose stack     at Signal.wrap.onsignal (internal/process.js:199:44)
13 verbose cwd C:\Users\jhemys.alves\Documents\Projects\APM
14 error Windows_NT 6.1.7601
15 error argv "C:\\Program Files\\nodejs\\node.exe" "C:\\Program Files\\nodejs\\node_modules\\npm\\bin\\npm-cli.js" "start"
16 error node v6.10.0
17 error npm  v3.10.10
18 error code ENOSYS
19 error errno ENOSYS
20 error syscall kill
21 error kill ENOSYS
22 error If you need help, you may report this error at:
22 error     <https://github.com/npm/npm/issues>
23 verbose exit [ 1, true ]
